<?xml version="1.0" encoding="UTF-8"?>
<!-- Generated by org.testng.reporters.JUnitReportReporter -->
<testsuite hostname="WINDOWS-7EOTFN9" failures="0" tests="1" name="com.syntax.reviewproject.MavenTest" time="0.000" errors="0" timestamp="06 Dec 2018 02:23:08 GMT" skipped="0">
  <testcase classname="com.syntax.reviewproject.MavenTest" name="hello" time="0.000"/>
</testsuite> <!-- com.syntax.reviewproject.MavenTest -->
